фев 21, 2023 6:31:32 PM Task2 bubbleSort
INFO: [4, 6, 2, 8, 3, 9, 11, 10, 5, 7, 1]
фев 21, 2023 6:31:32 PM Task2 bubbleSort
INFO: Массив после итерации № 1: [4, 2, 6, 3, 8, 9, 10, 5, 7, 1, 11]
фев 21, 2023 6:31:32 PM Task2 bubbleSort
INFO: Массив после итерации № 2: [2, 4, 3, 6, 8, 9, 5, 7, 1, 10, 11]
фев 21, 2023 6:31:32 PM Task2 bubbleSort
INFO: Массив после итерации № 3: [2, 3, 4, 6, 8, 5, 7, 1, 9, 10, 11]
фев 21, 2023 6:31:32 PM Task2 bubbleSort
INFO: Массив после итерации № 4: [2, 3, 4, 6, 5, 7, 1, 8, 9, 10, 11]
фев 21, 2023 6:31:32 PM Task2 bubbleSort
INFO: Массив после итерации № 5: [2, 3, 4, 5, 6, 1, 7, 8, 9, 10, 11]
фев 21, 2023 6:31:32 PM Task2 bubbleSort
INFO: Массив после итерации № 6: [2, 3, 4, 5, 1, 6, 7, 8, 9, 10, 11]
фев 21, 2023 6:31:32 PM Task2 bubbleSort
INFO: Массив после итерации № 7: [2, 3, 4, 1, 5, 6, 7, 8, 9, 10, 11]
фев 21, 2023 6:31:32 PM Task2 bubbleSort
INFO: Массив после итерации № 8: [2, 3, 1, 4, 5, 6, 7, 8, 9, 10, 11]
фев 21, 2023 6:31:32 PM Task2 bubbleSort
INFO: Массив после итерации № 9: [2, 1, 3, 4, 5, 6, 7, 8, 9, 10, 11]
фев 21, 2023 6:31:32 PM Task2 bubbleSort
INFO: Массив после итерации № 10: [1, 2, 3, 4, 5, 6, 7, 8, 9, 10, 11]
фев 21, 2023 6:31:32 PM Task2 bubbleSort
INFO: [1, 2, 3, 4, 5, 6, 7, 8, 9, 10, 11]
фев 23, 2023 12:52:22 PM Task2 bubbleSort
INFO: [4, 6, 2, 8, 3, 9, 11, 10, 5, 7, 1]
фев 23, 2023 12:52:22 PM Task2 bubbleSort
INFO: Массив после итерации № 1: [4, 2, 6, 3, 8, 9, 10, 5, 7, 1, 11]
фев 23, 2023 12:52:22 PM Task2 bubbleSort
INFO: Массив после итерации № 2: [2, 4, 3, 6, 8, 9, 5, 7, 1, 10, 11]
фев 23, 2023 12:52:22 PM Task2 bubbleSort
INFO: Массив после итерации № 3: [2, 3, 4, 6, 8, 5, 7, 1, 9, 10, 11]
фев 23, 2023 12:52:22 PM Task2 bubbleSort
INFO: Массив после итерации № 4: [2, 3, 4, 6, 5, 7, 1, 8, 9, 10, 11]
фев 23, 2023 12:52:22 PM Task2 bubbleSort
INFO: Массив после итерации № 5: [2, 3, 4, 5, 6, 1, 7, 8, 9, 10, 11]
фев 23, 2023 12:52:22 PM Task2 bubbleSort
INFO: Массив после итерации № 6: [2, 3, 4, 5, 1, 6, 7, 8, 9, 10, 11]
фев 23, 2023 12:52:22 PM Task2 bubbleSort
INFO: Массив после итерации № 7: [2, 3, 4, 1, 5, 6, 7, 8, 9, 10, 11]
фев 23, 2023 12:52:22 PM Task2 bubbleSort
INFO: Массив после итерации № 8: [2, 3, 1, 4, 5, 6, 7, 8, 9, 10, 11]
фев 23, 2023 12:52:22 PM Task2 bubbleSort
INFO: Массив после итерации № 9: [2, 1, 3, 4, 5, 6, 7, 8, 9, 10, 11]
фев 23, 2023 12:52:22 PM Task2 bubbleSort
INFO: Массив после итерации № 10: [1, 2, 3, 4, 5, 6, 7, 8, 9, 10, 11]
фев 23, 2023 12:52:22 PM Task2 bubbleSort
INFO: [1, 2, 3, 4, 5, 6, 7, 8, 9, 10, 11]
